have_header: checking for alloca.h... -------------------- yes

"gcc -o conftest -I/usr/local/rvm/rubies/ruby-head/include/ruby-2.1.0/x86_64-linux -I/usr/local/rvm/rubies/ruby-head/include/ruby-2.1.0/ruby/backward -I/usr/local/rvm/rubies/ruby-head/include/ruby-2.1.0 -I/usr/lib/passenger/ext/ruby     -O3 -fno-fast-math -ggdb3 -Wall -Wextra -Wno-unused-parameter -Wno-parentheses -Wno-long-long -Wno-missing-field-initializers -Wunused-variable -Wpointer-arith -Wwrite-strings -Wdeclaration-after-statement -Wimplicit-function-declaration  -fPIC -g conftest.c  -L. -L/usr/local/rvm/rubies/ruby-head/lib -Wl,-R/usr/local/rvm/rubies/ruby-head/lib -L. -fstack-protector -rdynamic -Wl,-export-dynamic     -Wl,-R -Wl,/usr/local/rvm/rubies/ruby-head/lib -L/usr/local/rvm/rubies/ruby-head/lib -lruby   -lpthread"
checked program was:
/* begin */
1: #include "ruby.h"
2: 
3: int main(int argc, char **argv)
4: {
5:   return 0;
6: }
/* end */

"gcc -E -I/usr/local/rvm/rubies/ruby-head/include/ruby-2.1.0/x86_64-linux -I/usr/local/rvm/rubies/ruby-head/include/ruby-2.1.0/ruby/backward -I/usr/local/rvm/rubies/ruby-head/include/ruby-2.1.0 -I/usr/lib/passenger/ext/ruby     -O3 -fno-fast-math -ggdb3 -Wall -Wextra -Wno-unused-parameter -Wno-parentheses -Wno-long-long -Wno-missing-field-initializers -Wunused-variable -Wpointer-arith -Wwrite-strings -Wdeclaration-after-statement -Wimplicit-function-declaration  -fPIC -g  conftest.c -o conftest.i"
checked program was:
/* begin */
1: #include "ruby.h"
2: 
3: #include <alloca.h>
/* end */

--------------------

have_header: checking for ruby/io.h... -------------------- yes

"gcc -E -I/usr/local/rvm/rubies/ruby-head/include/ruby-2.1.0/x86_64-linux -I/usr/local/rvm/rubies/ruby-head/include/ruby-2.1.0/ruby/backward -I/usr/local/rvm/rubies/ruby-head/include/ruby-2.1.0 -I/usr/lib/passenger/ext/ruby     -O3 -fno-fast-math -ggdb3 -Wall -Wextra -Wno-unused-parameter -Wno-parentheses -Wno-long-long -Wno-missing-field-initializers -Wunused-variable -Wpointer-arith -Wwrite-strings -Wdeclaration-after-statement -Wimplicit-function-declaration  -fPIC -g  conftest.c -o conftest.i"
checked program was:
/* begin */
1: #include "ruby.h"
2: 
3: #include <ruby/io.h>
/* end */

--------------------

have_func: checking for rb_thread_io_blocking_region()... -------------------- yes

"gcc -o conftest -I/usr/local/rvm/rubies/ruby-head/include/ruby-2.1.0/x86_64-linux -I/usr/local/rvm/rubies/ruby-head/include/ruby-2.1.0/ruby/backward -I/usr/local/rvm/rubies/ruby-head/include/ruby-2.1.0 -I/usr/lib/passenger/ext/ruby     -O3 -fno-fast-math -ggdb3 -Wall -Wextra -Wno-unused-parameter -Wno-parentheses -Wno-long-long -Wno-missing-field-initializers -Wunused-variable -Wpointer-arith -Wwrite-strings -Wdeclaration-after-statement -Wimplicit-function-declaration  -fPIC -g conftest.c  -L. -L/usr/local/rvm/rubies/ruby-head/lib -Wl,-R/usr/local/rvm/rubies/ruby-head/lib -L. -fstack-protector -rdynamic -Wl,-export-dynamic     -Wl,-R -Wl,/usr/local/rvm/rubies/ruby-head/lib -L/usr/local/rvm/rubies/ruby-head/lib -lruby   -lpthread"
conftest.c: In function 't':
conftest.c:13:57: error: 'rb_thread_io_blocking_region' undeclared (first use in this function)
 int t(void) { void ((*volatile p)()); p = (void ((*)()))rb_thread_io_blocking_region; return 0; }
                                                         ^
conftest.c:13:57: note: each undeclared identifier is reported only once for each function it appears in
conftest.c:13:32: warning: variable 'p' set but not used [-Wunused-but-set-variable]
 int t(void) { void ((*volatile p)()); p = (void ((*)()))rb_thread_io_blocking_region; return 0; }
                                ^
checked program was:
/* begin */
 1: #include "ruby.h"
 2: 
 3: /*top*/
 4: extern int t(void);
 5: int main(int argc, char **argv)
 6: {
 7:   if (argc > 1000000) {
 8:     printf("%p", &t);
 9:   }
10: 
11:   return 0;
12: }
13: int t(void) { void ((*volatile p)()); p = (void ((*)()))rb_thread_io_blocking_region; return 0; }
/* end */

"gcc -o conftest -I/usr/local/rvm/rubies/ruby-head/include/ruby-2.1.0/x86_64-linux -I/usr/local/rvm/rubies/ruby-head/include/ruby-2.1.0/ruby/backward -I/usr/local/rvm/rubies/ruby-head/include/ruby-2.1.0 -I/usr/lib/passenger/ext/ruby     -O3 -fno-fast-math -ggdb3 -Wall -Wextra -Wno-unused-parameter -Wno-parentheses -Wno-long-long -Wno-missing-field-initializers -Wunused-variable -Wpointer-arith -Wwrite-strings -Wdeclaration-after-statement -Wimplicit-function-declaration  -fPIC -g conftest.c  -L. -L/usr/local/rvm/rubies/ruby-head/lib -Wl,-R/usr/local/rvm/rubies/ruby-head/lib -L. -fstack-protector -rdynamic -Wl,-export-dynamic     -Wl,-R -Wl,/usr/local/rvm/rubies/ruby-head/lib -L/usr/local/rvm/rubies/ruby-head/lib -lruby   -lpthread"
conftest.c: In function 't':
conftest.c:13:1: warning: implicit declaration of function 'rb_thread_io_blocking_region' [-Wimplicit-function-declaration]
 int t(void) { rb_thread_io_blocking_region(); return 0; }
 ^
checked program was:
/* begin */
 1: #include "ruby.h"
 2: 
 3: /*top*/
 4: extern int t(void);
 5: int main(int argc, char **argv)
 6: {
 7:   if (argc > 1000000) {
 8:     printf("%p", &t);
 9:   }
10: 
11:   return 0;
12: }
13: int t(void) { rb_thread_io_blocking_region(); return 0; }
/* end */

--------------------

